Línea 105: la clase ChamaleonButton.ChameleonBtn del control cmdCancelar no era una clase de control cargada.
Línea 144: la clase ChamaleonButton.ChameleonBtn del control cmdGuardar no era una clase de control cargada.
Línea 111: el nombre de la propiedad _ExtentX de cmdCancelar no es válido.
Línea 112: el nombre de la propiedad _ExtentY de cmdCancelar no es válido.
Línea 113: el nombre de la propiedad BTYPE de cmdCancelar no es válido.
Línea 114: el nombre de la propiedad TX de cmdCancelar no es válido.
Línea 115: el nombre de la propiedad ENAB de cmdCancelar no es válido.
Línea 125: el nombre de la propiedad COLTYPE de cmdCancelar no es válido.
Línea 126: el nombre de la propiedad FOCUSR de cmdCancelar no es válido.
Línea 127: el nombre de la propiedad BCOL de cmdCancelar no es válido.
Línea 128: el nombre de la propiedad BCOLO de cmdCancelar no es válido.
Línea 129: el nombre de la propiedad FCOL de cmdCancelar no es válido.
Línea 130: el nombre de la propiedad FCOLO de cmdCancelar no es válido.
Línea 131: el nombre de la propiedad MCOL de cmdCancelar no es válido.
Línea 132: el nombre de la propiedad MPTR de cmdCancelar no es válido.
Línea 133: el nombre de la propiedad MICON de cmdCancelar no es válido.
Línea 134: el nombre de la propiedad PICN de cmdCancelar no es válido.
Línea 135: el nombre de la propiedad UMCOL de cmdCancelar no es válido.
Línea 136: el nombre de la propiedad SOFT de cmdCancelar no es válido.
Línea 137: el nombre de la propiedad PICPOS de cmdCancelar no es válido.
Línea 138: el nombre de la propiedad NGREY de cmdCancelar no es válido.
Línea 139: el nombre de la propiedad FX de cmdCancelar no es válido.
Línea 140: el nombre de la propiedad HAND de cmdCancelar no es válido.
Línea 141: el nombre de la propiedad CHECK de cmdCancelar no es válido.
Línea 142: el nombre de la propiedad VALUE de cmdCancelar no es válido.
Línea 150: el nombre de la propiedad _ExtentX de cmdGuardar no es válido.
Línea 151: el nombre de la propiedad _ExtentY de cmdGuardar no es válido.
Línea 152: el nombre de la propiedad BTYPE de cmdGuardar no es válido.
Línea 153: el nombre de la propiedad TX de cmdGuardar no es válido.
Línea 154: el nombre de la propiedad ENAB de cmdGuardar no es válido.
Línea 164: el nombre de la propiedad COLTYPE de cmdGuardar no es válido.
Línea 165: el nombre de la propiedad FOCUSR de cmdGuardar no es válido.
Línea 166: el nombre de la propiedad BCOL de cmdGuardar no es válido.
Línea 167: el nombre de la propiedad BCOLO de cmdGuardar no es válido.
Línea 168: el nombre de la propiedad FCOL de cmdGuardar no es válido.
Línea 169: el nombre de la propiedad FCOLO de cmdGuardar no es válido.
Línea 170: el nombre de la propiedad MCOL de cmdGuardar no es válido.
Línea 171: el nombre de la propiedad MPTR de cmdGuardar no es válido.
Línea 172: el nombre de la propiedad MICON de cmdGuardar no es válido.
Línea 173: el nombre de la propiedad PICN de cmdGuardar no es válido.
Línea 174: el nombre de la propiedad UMCOL de cmdGuardar no es válido.
Línea 175: el nombre de la propiedad SOFT de cmdGuardar no es válido.
Línea 176: el nombre de la propiedad PICPOS de cmdGuardar no es válido.
Línea 177: el nombre de la propiedad NGREY de cmdGuardar no es válido.
Línea 178: el nombre de la propiedad FX de cmdGuardar no es válido.
Línea 179: el nombre de la propiedad HAND de cmdGuardar no es válido.
Línea 180: el nombre de la propiedad CHECK de cmdGuardar no es válido.
Línea 181: el nombre de la propiedad VALUE de cmdGuardar no es válido.
