Línea 19: la clase ChamaleonButton.ChameleonBtn del control ChameleonBtn1 no era una clase de control cargada.
Línea 114: la clase ChamaleonButton.ChameleonBtn del control CmdOrdenar no era una clase de control cargada.
Línea 154: la clase ChamaleonButton.ChameleonBtn del control CmdOrdenar no era una clase de control cargada.
Línea 25: el nombre de la propiedad _ExtentX de ChameleonBtn1 no es válido.
Línea 26: el nombre de la propiedad _ExtentY de ChameleonBtn1 no es válido.
Línea 27: el nombre de la propiedad BTYPE de ChameleonBtn1 no es válido.
Línea 28: el nombre de la propiedad TX de ChameleonBtn1 no es válido.
Línea 29: el nombre de la propiedad ENAB de ChameleonBtn1 no es válido.
Línea 39: el nombre de la propiedad COLTYPE de ChameleonBtn1 no es válido.
Línea 40: el nombre de la propiedad FOCUSR de ChameleonBtn1 no es válido.
Línea 41: el nombre de la propiedad BCOL de ChameleonBtn1 no es válido.
Línea 42: el nombre de la propiedad BCOLO de ChameleonBtn1 no es válido.
Línea 43: el nombre de la propiedad FCOL de ChameleonBtn1 no es válido.
Línea 44: el nombre de la propiedad FCOLO de ChameleonBtn1 no es válido.
Línea 45: el nombre de la propiedad MCOL de ChameleonBtn1 no es válido.
Línea 46: el nombre de la propiedad MPTR de ChameleonBtn1 no es válido.
Línea 47: el nombre de la propiedad MICON de ChameleonBtn1 no es válido.
Línea 48: el nombre de la propiedad PICN de ChameleonBtn1 no es válido.
Línea 49: el nombre de la propiedad UMCOL de ChameleonBtn1 no es válido.
Línea 50: el nombre de la propiedad SOFT de ChameleonBtn1 no es válido.
Línea 51: el nombre de la propiedad PICPOS de ChameleonBtn1 no es válido.
Línea 52: el nombre de la propiedad NGREY de ChameleonBtn1 no es válido.
Línea 53: el nombre de la propiedad FX de ChameleonBtn1 no es válido.
Línea 54: el nombre de la propiedad HAND de ChameleonBtn1 no es válido.
Línea 55: el nombre de la propiedad CHECK de ChameleonBtn1 no es válido.
Línea 56: el nombre de la propiedad VALUE de ChameleonBtn1 no es válido.
Línea 121: el nombre de la propiedad _ExtentX de CmdOrdenar no es válido.
Línea 122: el nombre de la propiedad _ExtentY de CmdOrdenar no es válido.
Línea 123: el nombre de la propiedad BTYPE de CmdOrdenar no es válido.
Línea 124: el nombre de la propiedad TX de CmdOrdenar no es válido.
Línea 125: el nombre de la propiedad ENAB de CmdOrdenar no es válido.
Línea 135: el nombre de la propiedad COLTYPE de CmdOrdenar no es válido.
Línea 136: el nombre de la propiedad FOCUSR de CmdOrdenar no es válido.
Línea 137: el nombre de la propiedad BCOL de CmdOrdenar no es válido.
Línea 138: el nombre de la propiedad BCOLO de CmdOrdenar no es válido.
Línea 139: el nombre de la propiedad FCOL de CmdOrdenar no es válido.
Línea 140: el nombre de la propiedad FCOLO de CmdOrdenar no es válido.
Línea 141: el nombre de la propiedad MCOL de CmdOrdenar no es válido.
Línea 142: el nombre de la propiedad MPTR de CmdOrdenar no es válido.
Línea 143: el nombre de la propiedad MICON de CmdOrdenar no es válido.
Línea 144: el nombre de la propiedad PICN de CmdOrdenar no es válido.
Línea 145: el nombre de la propiedad UMCOL de CmdOrdenar no es válido.
Línea 146: el nombre de la propiedad SOFT de CmdOrdenar no es válido.
Línea 147: el nombre de la propiedad PICPOS de CmdOrdenar no es válido.
Línea 148: el nombre de la propiedad NGREY de CmdOrdenar no es válido.
Línea 149: el nombre de la propiedad FX de CmdOrdenar no es válido.
Línea 150: el nombre de la propiedad HAND de CmdOrdenar no es válido.
Línea 151: el nombre de la propiedad CHECK de CmdOrdenar no es válido.
Línea 152: el nombre de la propiedad VALUE de CmdOrdenar no es válido.
Línea 161: el nombre de la propiedad _ExtentX de CmdOrdenar no es válido.
Línea 162: el nombre de la propiedad _ExtentY de CmdOrdenar no es válido.
Línea 163: el nombre de la propiedad BTYPE de CmdOrdenar no es válido.
Línea 164: el nombre de la propiedad TX de CmdOrdenar no es válido.
Línea 165: el nombre de la propiedad ENAB de CmdOrdenar no es válido.
Línea 175: el nombre de la propiedad COLTYPE de CmdOrdenar no es válido.
Línea 176: el nombre de la propiedad FOCUSR de CmdOrdenar no es válido.
Línea 177: el nombre de la propiedad BCOL de CmdOrdenar no es válido.
Línea 178: el nombre de la propiedad BCOLO de CmdOrdenar no es válido.
Línea 179: el nombre de la propiedad FCOL de CmdOrdenar no es válido.
Línea 180: el nombre de la propiedad FCOLO de CmdOrdenar no es válido.
Línea 181: el nombre de la propiedad MCOL de CmdOrdenar no es válido.
Línea 182: el nombre de la propiedad MPTR de CmdOrdenar no es válido.
Línea 183: el nombre de la propiedad MICON de CmdOrdenar no es válido.
Línea 184: el nombre de la propiedad PICN de CmdOrdenar no es válido.
Línea 185: el nombre de la propiedad UMCOL de CmdOrdenar no es válido.
Línea 186: el nombre de la propiedad SOFT de CmdOrdenar no es válido.
Línea 187: el nombre de la propiedad PICPOS de CmdOrdenar no es válido.
Línea 188: el nombre de la propiedad NGREY de CmdOrdenar no es válido.
Línea 189: el nombre de la propiedad FX de CmdOrdenar no es válido.
Línea 190: el nombre de la propiedad HAND de CmdOrdenar no es válido.
Línea 191: el nombre de la propiedad CHECK de CmdOrdenar no es válido.
Línea 192: el nombre de la propiedad VALUE de CmdOrdenar no es válido.
