Línea 83: la clase HookMenu.ctxHookMenu del control ctxHookMenu1 no era una clase de control cargada.
Línea 109: la clase ChamaleonButton.ChameleonBtn del control cmdOpciones no era una clase de control cargada.
Línea 149: la clase ChamaleonButton.ChameleonBtn del control cmdOpciones no era una clase de control cargada.
Línea 189: la clase ChamaleonButton.ChameleonBtn del control cmdOpciones no era una clase de control cargada.
Línea 229: la clase ChamaleonButton.ChameleonBtn del control cmdOpciones no era una clase de control cargada.
Línea 269: la clase ChamaleonButton.ChameleonBtn del control cmdOpciones no era una clase de control cargada.
Línea 309: la clase ChamaleonButton.ChameleonBtn del control cmdOpciones no era una clase de control cargada.
Línea 86: el nombre de la propiedad _ExtentX de ctxHookMenu1 no es válido.
Línea 87: el nombre de la propiedad _ExtentY de ctxHookMenu1 no es válido.
Línea 88: el nombre de la propiedad BmpCount de ctxHookMenu1 no es válido.
Línea 89: el nombre de la propiedad Bmp:1 de ctxHookMenu1 no es válido.
Línea 90: el nombre de la propiedad Key:1 de ctxHookMenu1 no es válido.
Línea 91: el nombre de la propiedad Bmp:2 de ctxHookMenu1 no es válido.
Línea 92: el nombre de la propiedad Key:2 de ctxHookMenu1 no es válido.
Línea 93: el nombre de la propiedad Bmp:3 de ctxHookMenu1 no es válido.
Línea 94: el nombre de la propiedad Key:3 de ctxHookMenu1 no es válido.
Línea 95: el nombre de la propiedad Bmp:4 de ctxHookMenu1 no es válido.
Línea 96: el nombre de la propiedad Key:4 de ctxHookMenu1 no es válido.
Línea 97: el nombre de la propiedad Bmp:5 de ctxHookMenu1 no es válido.
Línea 98: el nombre de la propiedad Key:5 de ctxHookMenu1 no es válido.
Línea 116: el nombre de la propiedad _ExtentX de cmdOpciones no es válido.
Línea 117: el nombre de la propiedad _ExtentY de cmdOpciones no es válido.
Línea 118: el nombre de la propiedad BTYPE de cmdOpciones no es válido.
Línea 119: el nombre de la propiedad TX de cmdOpciones no es válido.
Línea 120: el nombre de la propiedad ENAB de cmdOpciones no es válido.
Línea 130: el nombre de la propiedad COLTYPE de cmdOpciones no es válido.
Línea 131: el nombre de la propiedad FOCUSR de cmdOpciones no es válido.
Línea 132: el nombre de la propiedad BCOL de cmdOpciones no es válido.
Línea 133: el nombre de la propiedad BCOLO de cmdOpciones no es válido.
Línea 134: el nombre de la propiedad FCOL de cmdOpciones no es válido.
Línea 135: el nombre de la propiedad FCOLO de cmdOpciones no es válido.
Línea 136: el nombre de la propiedad MCOL de cmdOpciones no es válido.
Línea 137: el nombre de la propiedad MPTR de cmdOpciones no es válido.
Línea 138: el nombre de la propiedad MICON de cmdOpciones no es válido.
Línea 139: el nombre de la propiedad PICN de cmdOpciones no es válido.
Línea 140: el nombre de la propiedad UMCOL de cmdOpciones no es válido.
Línea 141: el nombre de la propiedad SOFT de cmdOpciones no es válido.
Línea 142: el nombre de la propiedad PICPOS de cmdOpciones no es válido.
Línea 143: el nombre de la propiedad NGREY de cmdOpciones no es válido.
Línea 144: el nombre de la propiedad FX de cmdOpciones no es válido.
Línea 145: el nombre de la propiedad HAND de cmdOpciones no es válido.
Línea 146: el nombre de la propiedad CHECK de cmdOpciones no es válido.
Línea 147: el nombre de la propiedad VALUE de cmdOpciones no es válido.
Línea 156: el nombre de la propiedad _ExtentX de cmdOpciones no es válido.
Línea 157: el nombre de la propiedad _ExtentY de cmdOpciones no es válido.
Línea 158: el nombre de la propiedad BTYPE de cmdOpciones no es válido.
Línea 159: el nombre de la propiedad TX de cmdOpciones no es válido.
Línea 160: el nombre de la propiedad ENAB de cmdOpciones no es válido.
Línea 170: el nombre de la propiedad COLTYPE de cmdOpciones no es válido.
Línea 171: el nombre de la propiedad FOCUSR de cmdOpciones no es válido.
Línea 172: el nombre de la propiedad BCOL de cmdOpciones no es válido.
Línea 173: el nombre de la propiedad BCOLO de cmdOpciones no es válido.
Línea 174: el nombre de la propiedad FCOL de cmdOpciones no es válido.
Línea 175: el nombre de la propiedad FCOLO de cmdOpciones no es válido.
Línea 176: el nombre de la propiedad MCOL de cmdOpciones no es válido.
Línea 177: el nombre de la propiedad MPTR de cmdOpciones no es válido.
Línea 178: el nombre de la propiedad MICON de cmdOpciones no es válido.
Línea 179: el nombre de la propiedad PICN de cmdOpciones no es válido.
Línea 180: el nombre de la propiedad UMCOL de cmdOpciones no es válido.
Línea 181: el nombre de la propiedad SOFT de cmdOpciones no es válido.
Línea 182: el nombre de la propiedad PICPOS de cmdOpciones no es válido.
Línea 183: el nombre de la propiedad NGREY de cmdOpciones no es válido.
Línea 184: el nombre de la propiedad FX de cmdOpciones no es válido.
Línea 185: el nombre de la propiedad HAND de cmdOpciones no es válido.
Línea 186: el nombre de la propiedad CHECK de cmdOpciones no es válido.
Línea 187: el nombre de la propiedad VALUE de cmdOpciones no es válido.
Línea 196: el nombre de la propiedad _ExtentX de cmdOpciones no es válido.
Línea 197: el nombre de la propiedad _ExtentY de cmdOpciones no es válido.
Línea 198: el nombre de la propiedad BTYPE de cmdOpciones no es válido.
Línea 199: el nombre de la propiedad TX de cmdOpciones no es válido.
Línea 200: el nombre de la propiedad ENAB de cmdOpciones no es válido.
Línea 210: el nombre de la propiedad COLTYPE de cmdOpciones no es válido.
Línea 211: el nombre de la propiedad FOCUSR de cmdOpciones no es válido.
Línea 212: el nombre de la propiedad BCOL de cmdOpciones no es válido.
Línea 213: el nombre de la propiedad BCOLO de cmdOpciones no es válido.
Línea 214: el nombre de la propiedad FCOL de cmdOpciones no es válido.
Línea 215: el nombre de la propiedad FCOLO de cmdOpciones no es válido.
Línea 216: el nombre de la propiedad MCOL de cmdOpciones no es válido.
Línea 217: el nombre de la propiedad MPTR de cmdOpciones no es válido.
Línea 218: el nombre de la propiedad MICON de cmdOpciones no es válido.
Línea 219: el nombre de la propiedad PICN de cmdOpciones no es válido.
Línea 220: el nombre de la propiedad UMCOL de cmdOpciones no es válido.
Línea 221: el nombre de la propiedad SOFT de cmdOpciones no es válido.
Línea 222: el nombre de la propiedad PICPOS de cmdOpciones no es válido.
Línea 223: el nombre de la propiedad NGREY de cmdOpciones no es válido.
Línea 224: el nombre de la propiedad FX de cmdOpciones no es válido.
Línea 225: el nombre de la propiedad HAND de cmdOpciones no es válido.
Línea 226: el nombre de la propiedad CHECK de cmdOpciones no es válido.
Línea 227: el nombre de la propiedad VALUE de cmdOpciones no es válido.
Línea 236: el nombre de la propiedad _ExtentX de cmdOpciones no es válido.
Línea 237: el nombre de la propiedad _ExtentY de cmdOpciones no es válido.
Línea 238: el nombre de la propiedad BTYPE de cmdOpciones no es válido.
Línea 239: el nombre de la propiedad TX de cmdOpciones no es válido.
Línea 240: el nombre de la propiedad ENAB de cmdOpciones no es válido.
Línea 250: el nombre de la propiedad COLTYPE de cmdOpciones no es válido.
Línea 251: el nombre de la propiedad FOCUSR de cmdOpciones no es válido.
Línea 252: el nombre de la propiedad BCOL de cmdOpciones no es válido.
Línea 253: el nombre de la propiedad BCOLO de cmdOpciones no es válido.
Línea 254: el nombre de la propiedad FCOL de cmdOpciones no es válido.
Línea 255: el nombre de la propiedad FCOLO de cmdOpciones no es válido.
Línea 256: el nombre de la propiedad MCOL de cmdOpciones no es válido.
Línea 257: el nombre de la propiedad MPTR de cmdOpciones no es válido.
Línea 258: el nombre de la propiedad MICON de cmdOpciones no es válido.
Línea 259: el nombre de la propiedad PICN de cmdOpciones no es válido.
Línea 260: el nombre de la propiedad UMCOL de cmdOpciones no es válido.
Línea 261: el nombre de la propiedad SOFT de cmdOpciones no es válido.
Línea 262: el nombre de la propiedad PICPOS de cmdOpciones no es válido.
Línea 263: el nombre de la propiedad NGREY de cmdOpciones no es válido.
Línea 264: el nombre de la propiedad FX de cmdOpciones no es válido.
Línea 265: el nombre de la propiedad HAND de cmdOpciones no es válido.
Línea 266: el nombre de la propiedad CHECK de cmdOpciones no es válido.
Línea 267: el nombre de la propiedad VALUE de cmdOpciones no es válido.
Línea 276: el nombre de la propiedad _ExtentX de cmdOpciones no es válido.
Línea 277: el nombre de la propiedad _ExtentY de cmdOpciones no es válido.
Línea 278: el nombre de la propiedad BTYPE de cmdOpciones no es válido.
Línea 279: el nombre de la propiedad TX de cmdOpciones no es válido.
Línea 280: el nombre de la propiedad ENAB de cmdOpciones no es válido.
Línea 290: el nombre de la propiedad COLTYPE de cmdOpciones no es válido.
Línea 291: el nombre de la propiedad FOCUSR de cmdOpciones no es válido.
Línea 292: el nombre de la propiedad BCOL de cmdOpciones no es válido.
Línea 293: el nombre de la propiedad BCOLO de cmdOpciones no es válido.
Línea 294: el nombre de la propiedad FCOL de cmdOpciones no es válido.
Línea 295: el nombre de la propiedad FCOLO de cmdOpciones no es válido.
Línea 296: el nombre de la propiedad MCOL de cmdOpciones no es válido.
Línea 297: el nombre de la propiedad MPTR de cmdOpciones no es válido.
Línea 298: el nombre de la propiedad MICON de cmdOpciones no es válido.
Línea 299: el nombre de la propiedad PICN de cmdOpciones no es válido.
Línea 300: el nombre de la propiedad UMCOL de cmdOpciones no es válido.
Línea 301: el nombre de la propiedad SOFT de cmdOpciones no es válido.
Línea 302: el nombre de la propiedad PICPOS de cmdOpciones no es válido.
Línea 303: el nombre de la propiedad NGREY de cmdOpciones no es válido.
Línea 304: el nombre de la propiedad FX de cmdOpciones no es válido.
Línea 305: el nombre de la propiedad HAND de cmdOpciones no es válido.
Línea 306: el nombre de la propiedad CHECK de cmdOpciones no es válido.
Línea 307: el nombre de la propiedad VALUE de cmdOpciones no es válido.
Línea 316: el nombre de la propiedad _ExtentX de cmdOpciones no es válido.
Línea 317: el nombre de la propiedad _ExtentY de cmdOpciones no es válido.
Línea 318: el nombre de la propiedad BTYPE de cmdOpciones no es válido.
Línea 319: el nombre de la propiedad TX de cmdOpciones no es válido.
Línea 320: el nombre de la propiedad ENAB de cmdOpciones no es válido.
Línea 330: el nombre de la propiedad COLTYPE de cmdOpciones no es válido.
Línea 331: el nombre de la propiedad FOCUSR de cmdOpciones no es válido.
Línea 332: el nombre de la propiedad BCOL de cmdOpciones no es válido.
Línea 333: el nombre de la propiedad BCOLO de cmdOpciones no es válido.
Línea 334: el nombre de la propiedad FCOL de cmdOpciones no es válido.
Línea 335: el nombre de la propiedad FCOLO de cmdOpciones no es válido.
Línea 336: el nombre de la propiedad MCOL de cmdOpciones no es válido.
Línea 337: el nombre de la propiedad MPTR de cmdOpciones no es válido.
Línea 338: el nombre de la propiedad MICON de cmdOpciones no es válido.
Línea 339: el nombre de la propiedad PICN de cmdOpciones no es válido.
Línea 340: el nombre de la propiedad UMCOL de cmdOpciones no es válido.
Línea 341: el nombre de la propiedad SOFT de cmdOpciones no es válido.
Línea 342: el nombre de la propiedad PICPOS de cmdOpciones no es válido.
Línea 343: el nombre de la propiedad NGREY de cmdOpciones no es válido.
Línea 344: el nombre de la propiedad FX de cmdOpciones no es válido.
Línea 345: el nombre de la propiedad HAND de cmdOpciones no es válido.
Línea 346: el nombre de la propiedad CHECK de cmdOpciones no es válido.
Línea 347: el nombre de la propiedad VALUE de cmdOpciones no es válido.
Línea 86: el nombre de la propiedad _ExtentX de ctxHookMenu1 no es válido.
Línea 87: el nombre de la propiedad _ExtentY de ctxHookMenu1 no es válido.
Línea 88: el nombre de la propiedad BmpCount de ctxHookMenu1 no es válido.
Línea 89: el nombre de la propiedad Bmp:1 de ctxHookMenu1 no es válido.
Línea 90: el nombre de la propiedad Key:1 de ctxHookMenu1 no es válido.
Línea 91: el nombre de la propiedad Bmp:2 de ctxHookMenu1 no es válido.
Línea 92: el nombre de la propiedad Key:2 de ctxHookMenu1 no es válido.
Línea 93: el nombre de la propiedad Bmp:3 de ctxHookMenu1 no es válido.
Línea 94: el nombre de la propiedad Key:3 de ctxHookMenu1 no es válido.
Línea 95: el nombre de la propiedad Bmp:4 de ctxHookMenu1 no es válido.
Línea 96: el nombre de la propiedad Key:4 de ctxHookMenu1 no es válido.
Línea 97: el nombre de la propiedad Bmp:5 de ctxHookMenu1 no es válido.
Línea 98: el nombre de la propiedad Key:5 de ctxHookMenu1 no es válido.
Línea 116: el nombre de la propiedad _ExtentX de cmdOpciones no es válido.
Línea 117: el nombre de la propiedad _ExtentY de cmdOpciones no es válido.
Línea 118: el nombre de la propiedad BTYPE de cmdOpciones no es válido.
Línea 119: el nombre de la propiedad TX de cmdOpciones no es válido.
Línea 120: el nombre de la propiedad ENAB de cmdOpciones no es válido.
Línea 130: el nombre de la propiedad COLTYPE de cmdOpciones no es válido.
Línea 131: el nombre de la propiedad FOCUSR de cmdOpciones no es válido.
Línea 132: el nombre de la propiedad BCOL de cmdOpciones no es válido.
Línea 133: el nombre de la propiedad BCOLO de cmdOpciones no es válido.
Línea 134: el nombre de la propiedad FCOL de cmdOpciones no es válido.
Línea 135: el nombre de la propiedad FCOLO de cmdOpciones no es válido.
Línea 136: el nombre de la propiedad MCOL de cmdOpciones no es válido.
Línea 137: el nombre de la propiedad MPTR de cmdOpciones no es válido.
Línea 138: el nombre de la propiedad MICON de cmdOpciones no es válido.
Línea 139: el nombre de la propiedad PICN de cmdOpciones no es válido.
Línea 140: el nombre de la propiedad UMCOL de cmdOpciones no es válido.
Línea 141: el nombre de la propiedad SOFT de cmdOpciones no es válido.
Línea 142: el nombre de la propiedad PICPOS de cmdOpciones no es válido.
Línea 143: el nombre de la propiedad NGREY de cmdOpciones no es válido.
Línea 144: el nombre de la propiedad FX de cmdOpciones no es válido.
Línea 145: el nombre de la propiedad HAND de cmdOpciones no es válido.
Línea 146: el nombre de la propiedad CHECK de cmdOpciones no es válido.
Línea 147: el nombre de la propiedad VALUE de cmdOpciones no es válido.
Línea 156: el nombre de la propiedad _ExtentX de cmdOpciones no es válido.
Línea 157: el nombre de la propiedad _ExtentY de cmdOpciones no es válido.
Línea 158: el nombre de la propiedad BTYPE de cmdOpciones no es válido.
Línea 159: el nombre de la propiedad TX de cmdOpciones no es válido.
Línea 160: el nombre de la propiedad ENAB de cmdOpciones no es válido.
Línea 170: el nombre de la propiedad COLTYPE de cmdOpciones no es válido.
Línea 171: el nombre de la propiedad FOCUSR de cmdOpciones no es válido.
Línea 172: el nombre de la propiedad BCOL de cmdOpciones no es válido.
Línea 173: el nombre de la propiedad BCOLO de cmdOpciones no es válido.
Línea 174: el nombre de la propiedad FCOL de cmdOpciones no es válido.
Línea 175: el nombre de la propiedad FCOLO de cmdOpciones no es válido.
Línea 176: el nombre de la propiedad MCOL de cmdOpciones no es válido.
Línea 177: el nombre de la propiedad MPTR de cmdOpciones no es válido.
Línea 178: el nombre de la propiedad MICON de cmdOpciones no es válido.
Línea 179: el nombre de la propiedad PICN de cmdOpciones no es válido.
Línea 180: el nombre de la propiedad UMCOL de cmdOpciones no es válido.
Línea 181: el nombre de la propiedad SOFT de cmdOpciones no es válido.
Línea 182: el nombre de la propiedad PICPOS de cmdOpciones no es válido.
Línea 183: el nombre de la propiedad NGREY de cmdOpciones no es válido.
Línea 184: el nombre de la propiedad FX de cmdOpciones no es válido.
Línea 185: el nombre de la propiedad HAND de cmdOpciones no es válido.
Línea 186: el nombre de la propiedad CHECK de cmdOpciones no es válido.
Línea 187: el nombre de la propiedad VALUE de cmdOpciones no es válido.
Línea 196: el nombre de la propiedad _ExtentX de cmdOpciones no es válido.
Línea 197: el nombre de la propiedad _ExtentY de cmdOpciones no es válido.
Línea 198: el nombre de la propiedad BTYPE de cmdOpciones no es válido.
Línea 199: el nombre de la propiedad TX de cmdOpciones no es válido.
Línea 200: el nombre de la propiedad ENAB de cmdOpciones no es válido.
Línea 210: el nombre de la propiedad COLTYPE de cmdOpciones no es válido.
Línea 211: el nombre de la propiedad FOCUSR de cmdOpciones no es válido.
Línea 212: el nombre de la propiedad BCOL de cmdOpciones no es válido.
Línea 213: el nombre de la propiedad BCOLO de cmdOpciones no es válido.
Línea 214: el nombre de la propiedad FCOL de cmdOpciones no es válido.
Línea 215: el nombre de la propiedad FCOLO de cmdOpciones no es válido.
Línea 216: el nombre de la propiedad MCOL de cmdOpciones no es válido.
Línea 217: el nombre de la propiedad MPTR de cmdOpciones no es válido.
Línea 218: el nombre de la propiedad MICON de cmdOpciones no es válido.
Línea 219: el nombre de la propiedad PICN de cmdOpciones no es válido.
Línea 220: el nombre de la propiedad UMCOL de cmdOpciones no es válido.
Línea 221: el nombre de la propiedad SOFT de cmdOpciones no es válido.
Línea 222: el nombre de la propiedad PICPOS de cmdOpciones no es válido.
Línea 223: el nombre de la propiedad NGREY de cmdOpciones no es válido.
Línea 224: el nombre de la propiedad FX de cmdOpciones no es válido.
Línea 225: el nombre de la propiedad HAND de cmdOpciones no es válido.
Línea 226: el nombre de la propiedad CHECK de cmdOpciones no es válido.
Línea 227: el nombre de la propiedad VALUE de cmdOpciones no es válido.
Línea 236: el nombre de la propiedad _ExtentX de cmdOpciones no es válido.
Línea 237: el nombre de la propiedad _ExtentY de cmdOpciones no es válido.
Línea 238: el nombre de la propiedad BTYPE de cmdOpciones no es válido.
Línea 239: el nombre de la propiedad TX de cmdOpciones no es válido.
Línea 240: el nombre de la propiedad ENAB de cmdOpciones no es válido.
Línea 250: el nombre de la propiedad COLTYPE de cmdOpciones no es válido.
Línea 251: el nombre de la propiedad FOCUSR de cmdOpciones no es válido.
Línea 252: el nombre de la propiedad BCOL de cmdOpciones no es válido.
Línea 253: el nombre de la propiedad BCOLO de cmdOpciones no es válido.
Línea 254: el nombre de la propiedad FCOL de cmdOpciones no es válido.
Línea 255: el nombre de la propiedad FCOLO de cmdOpciones no es válido.
Línea 256: el nombre de la propiedad MCOL de cmdOpciones no es válido.
Línea 257: el nombre de la propiedad MPTR de cmdOpciones no es válido.
Línea 258: el nombre de la propiedad MICON de cmdOpciones no es válido.
Línea 259: el nombre de la propiedad PICN de cmdOpciones no es válido.
Línea 260: el nombre de la propiedad UMCOL de cmdOpciones no es válido.
Línea 261: el nombre de la propiedad SOFT de cmdOpciones no es válido.
Línea 262: el nombre de la propiedad PICPOS de cmdOpciones no es válido.
Línea 263: el nombre de la propiedad NGREY de cmdOpciones no es válido.
Línea 264: el nombre de la propiedad FX de cmdOpciones no es válido.
Línea 265: el nombre de la propiedad HAND de cmdOpciones no es válido.
Línea 266: el nombre de la propiedad CHECK de cmdOpciones no es válido.
Línea 267: el nombre de la propiedad VALUE de cmdOpciones no es válido.
Línea 276: el nombre de la propiedad _ExtentX de cmdOpciones no es válido.
Línea 277: el nombre de la propiedad _ExtentY de cmdOpciones no es válido.
Línea 278: el nombre de la propiedad BTYPE de cmdOpciones no es válido.
Línea 279: el nombre de la propiedad TX de cmdOpciones no es válido.
Línea 280: el nombre de la propiedad ENAB de cmdOpciones no es válido.
Línea 290: el nombre de la propiedad COLTYPE de cmdOpciones no es válido.
Línea 291: el nombre de la propiedad FOCUSR de cmdOpciones no es válido.
Línea 292: el nombre de la propiedad BCOL de cmdOpciones no es válido.
Línea 293: el nombre de la propiedad BCOLO de cmdOpciones no es válido.
Línea 294: el nombre de la propiedad FCOL de cmdOpciones no es válido.
Línea 295: el nombre de la propiedad FCOLO de cmdOpciones no es válido.
Línea 296: el nombre de la propiedad MCOL de cmdOpciones no es válido.
Línea 297: el nombre de la propiedad MPTR de cmdOpciones no es válido.
Línea 298: el nombre de la propiedad MICON de cmdOpciones no es válido.
Línea 299: el nombre de la propiedad PICN de cmdOpciones no es válido.
Línea 300: el nombre de la propiedad UMCOL de cmdOpciones no es válido.
Línea 301: el nombre de la propiedad SOFT de cmdOpciones no es válido.
Línea 302: el nombre de la propiedad PICPOS de cmdOpciones no es válido.
Línea 303: el nombre de la propiedad NGREY de cmdOpciones no es válido.
Línea 304: el nombre de la propiedad FX de cmdOpciones no es válido.
Línea 305: el nombre de la propiedad HAND de cmdOpciones no es válido.
Línea 306: el nombre de la propiedad CHECK de cmdOpciones no es válido.
Línea 307: el nombre de la propiedad VALUE de cmdOpciones no es válido.
Línea 316: el nombre de la propiedad _ExtentX de cmdOpciones no es válido.
Línea 317: el nombre de la propiedad _ExtentY de cmdOpciones no es válido.
Línea 318: el nombre de la propiedad BTYPE de cmdOpciones no es válido.
Línea 319: el nombre de la propiedad TX de cmdOpciones no es válido.
Línea 320: el nombre de la propiedad ENAB de cmdOpciones no es válido.
Línea 330: el nombre de la propiedad COLTYPE de cmdOpciones no es válido.
Línea 331: el nombre de la propiedad FOCUSR de cmdOpciones no es válido.
Línea 332: el nombre de la propiedad BCOL de cmdOpciones no es válido.
Línea 333: el nombre de la propiedad BCOLO de cmdOpciones no es válido.
Línea 334: el nombre de la propiedad FCOL de cmdOpciones no es válido.
Línea 335: el nombre de la propiedad FCOLO de cmdOpciones no es válido.
Línea 336: el nombre de la propiedad MCOL de cmdOpciones no es válido.
Línea 337: el nombre de la propiedad MPTR de cmdOpciones no es válido.
Línea 338: el nombre de la propiedad MICON de cmdOpciones no es válido.
Línea 339: el nombre de la propiedad PICN de cmdOpciones no es válido.
Línea 340: el nombre de la propiedad UMCOL de cmdOpciones no es válido.
Línea 341: el nombre de la propiedad SOFT de cmdOpciones no es válido.
Línea 342: el nombre de la propiedad PICPOS de cmdOpciones no es válido.
Línea 343: el nombre de la propiedad NGREY de cmdOpciones no es válido.
Línea 344: el nombre de la propiedad FX de cmdOpciones no es válido.
Línea 345: el nombre de la propiedad HAND de cmdOpciones no es válido.
Línea 346: el nombre de la propiedad CHECK de cmdOpciones no es válido.
Línea 347: el nombre de la propiedad VALUE de cmdOpciones no es válido.
